2023-04-17T13:20:46+00:00 DEBUG POST: https://business-api.tiktok.com/open_api/v1.2/tbp/business_profile/disconnect/

{"external_business_id":false,"business_platform":"WOO_COMMERCE","is_setup_page":0,"app_id":false}
 ajax: no
2023-04-17T13:20:47+00:00 DEBUG Tt4b_Mapi_Class::mapi_post: Response: 

HTTP/1.1 200 OK
Server: nginx
Content-Type: application/json; charset=utf-8
Content-Length: 103
X-Api-Deprecation-Info: API for Business Version 1.3 is now live. To avoid disruption to your business, we recommend you migrate all calls to v1.3 as soon as possible. Please visit our migration guide for more details: https://ads.tiktok.com/marketing_api/docs?id=1740029169927169
X-Domain-Change-Info: We have moved to the new domain business-api.tiktok.com for API services after the Platform Upgrade on 09/30/2021. Please update all of your requests with the new domain if you haven't done so already. For more information, please visit https://ads.tiktok.com/marketing_api/docs?rid=esb88xalm6m&id=1709207085043713
X-Tt-Logid: 202304171320466AF13794B9C8C1259B37
x-tt-trace-host: 01f5f4067df34d9fba85f3a64fca4639dd0777b7fcc65cdd1fe05367a79f5219e29fbcb4ce382bfa975c55bc55d475866ea436ad257cb1d80c9d30dc30e4ec1e7cd7ad78238f444d12d5c6b5a814f7bd1db0cb6f76f8eef78458ecf54e7e4d999b241cd32ab00bc53e8a63f96565b9db11
X-Origin-Response-Time: 10,23.193.104.223
X-Akamai-Request-ID: 17238f56.223fb810
Expires: Mon, 17 Apr 2023 13:20:47 GMT
Cache-Control: max-age=0, no-cache, no-store
Pragma: no-cache
Date: Mon, 17 Apr 2023 13:20:47 GMT
X-Cache: TCP_MISS from a80-239-150-37.deploy.akamaitechnologies.com (AkamaiGHost/11.0.3-47547230) (-)
Connection: close
X-Cache-Remote: TCP_MISS from a23-193-104-223.deploy.akamaitechnologies.com (AkamaiGHost/11.0.3-47547230) (-)
x-tt-trace-tag: id=16;cdn-cache=miss;type=dyn
Server-Timing: cdn-cache; desc=MISS, edge; dur=181, origin; dur=10
Server-Timing: inner; dur=6
X-Parent-Response-Time: 186,80.239.150.37

{"code":40104,"message":"The access_token is empty.","request_id":"202304171320466AF13794B9C8C1259B37"}

2023-04-17T13:20:47+00:00 DEBUG POST: https://business-api.tiktok.com/tbp/v2.0/shop/connection/disconnect?external_data=

--- EMPTY STRING ---
 ajax: no
2023-04-17T13:20:47+00:00 DEBUG Tt4b_Mapi_Class::tts_shop_disconnect: Response: 

HTTP/1.1 200 OK
Server: nginx
Content-Type: application/json; charset=utf-8
Content-Length: 95
X-Api-Deprecation-Info: API for Business Version 1.3 is now live. To avoid disruption to your business, we recommend you migrate all calls to v1.3 as soon as possible. Please visit our migration guide for more details: https://ads.tiktok.com/marketing_api/docs?id=1740029169927169
X-Domain-Change-Info: We have moved to the new domain business-api.tiktok.com for API services after the Platform Upgrade on 09/30/2021. Please update all of your requests with the new domain if you haven't done so already. For more information, please visit https://ads.tiktok.com/marketing_api/docs?rid=esb88xalm6m&id=1709207085043713
X-Tt-Logid: 202304171320463D584F750476D026F0F5
x-tt-trace-host: 01f5f4067df34d9fba85f3a64fca4639dd0777b7fcc65cdd1fe05367a79f5219e2f1407ce5ad87c1f8f9d7260b3550a42c68663f16fc1ba5b9e80cdac15d2b957f8769795928f206a5c82a98aa71495f106f6c2e9ab95f7456788be6b0beb642ff0826f20a94e2f782e284b60bdb0d6205
X-Origin-Response-Time: 15,23.193.104.209
X-Akamai-Request-ID: 2cb54fc9.223fbbac
Expires: Mon, 17 Apr 2023 13:20:47 GMT
Cache-Control: max-age=0, no-cache, no-store
Pragma: no-cache
Date: Mon, 17 Apr 2023 13:20:47 GMT
X-Cache: TCP_MISS from a80-239-150-37.deploy.akamaitechnologies.com (AkamaiGHost/11.0.3-47547230) (-)
Connection: close
X-Cache-Remote: TCP_MISS from a23-193-104-209.deploy.akamaitechnologies.com (AkamaiGHost/11.0.3-47547230) (-)
x-tt-trace-tag: id=16;cdn-cache=miss;type=dyn
Server-Timing: cdn-cache; desc=MISS, edge; dur=219, origin; dur=15
Server-Timing: inner; dur=11
X-Parent-Response-Time: 225,80.239.150.37

{"code":40001,"message":"Permission denied.","request_id":"202304171320463D584F750476D026F0F5"}

